Using pre-set license
Built from '2021.1/staging' branch; Version is '2021.1.7f1 (d91830b65d9b) revision 14227504'; Using compiler version '192528614'; Build Type 'Release'
OS: 'Windows 10 Pro; OS build 19042.985; Version 2009; 64bit' Language: 'ko' Physical Memory: 16313 MB
BatchMode: 1, IsHumanControllingUs: 0, StartBugReporterOnCrash: 0, Is64bit: 1, IsPro: 0

 COMMAND LINE ARGUMENTS:
C:\Program Files\Unity\Hub\Editor\2021.1.7f1\Editor\Unity.exe
-adb2
-batchMode
-noUpm
-name
AssetImportWorker0
-projectPath
C:/Unity/0. Projects/BezierCurve
-logFile
Logs/AssetImportWorker0.log
-srvPort
56991
Successfully changed project path to: C:/Unity/0. Projects/BezierCurve
C:/Unity/0. Projects/BezierCurve
Using Asset Import Pipeline V2.
Refreshing native plugins compatible for Editor in 21.46 ms, found 0 plugins.
Preloading 0 native plugins for Editor in 0.00 ms.
Initialize engine version: 2021.1.7f1 (d91830b65d9b)
[Subsystems] Discovering subsystems at path C:/Program Files/Unity/Hub/Editor/2021.1.7f1/Editor/Data/Resources/UnitySubsystems
[Subsystems] Discovering subsystems at path C:/Unity/0. Projects/BezierCurve/Assets
GfxDevice: creating device client; threaded=0; jobified=0
Direct3D:
    Version:  Direct3D 11.0 [level 11.1]
    Renderer: NVIDIA GeForce GTX 1660 SUPER (ID=0x21c4)
    Vendor:   NVIDIA
    VRAM:     5991 MB
    Driver:   27.21.14.5671
Initialize mono
Mono path[0] = 'C:/Program Files/Unity/Hub/Editor/2021.1.7f1/Editor/Data/Managed'
Mono path[1] = 'C:/Program Files/Unity/Hub/Editor/2021.1.7f1/Editor/Data/MonoBleedingEdge/lib/mono/unityjit'
Mono config path = 'C:/Program Files/Unity/Hub/Editor/2021.1.7f1/Editor/Data/MonoBleedingEdge/etc'
Using monoOptions --debugger-agent=transport=dt_socket,embedding=1,server=y,suspend=n,address=127.0.0.1:56904
Begin MonoManager ReloadAssembly
Registering precompiled unity dll's ...
Register platform support module: C:/Program Files/Unity/Hub/Editor/2021.1.7f1/Editor/Data/PlaybackEngines/WindowsStandaloneSupport/UnityEditor.WindowsStandalone.Extensions.dll
Registered in 0.005007 seconds.
Native extension for WindowsStandalone target not found
Refreshing native plugins compatible for Editor in 21.43 ms, found 0 plugins.
Preloading 0 native plugins for Editor in 0.00 ms.
Mono: successfully reloaded assembly
- Completed reload, in  1.134 seconds
Platform modules already initialized, skipping
Registering precompiled user dll's ...
Registered in 0.001036 seconds.
Begin MonoManager ReloadAssembly
Native extension for WindowsStandalone target not found
Refreshing native plugins compatible for Editor in 0.21 ms, found 0 plugins.
Preloading 0 native plugins for Editor in 0.00 ms.
Mono: successfully reloaded assembly
- Completed reload, in  0.786 seconds
Platform modules already initialized, skipping
========================================================================
Worker process is ready to serve import requests
Launched and connected shader compiler UnityShaderCompiler.exe after 0.04 seconds
Refreshing native plugins compatible for Editor in 0.21 ms, found 0 plugins.
Preloading 0 native plugins for Editor in 0.00 ms.
Unloading 1127 Unused Serialized files (Serialized files now loaded: 0)
System memory in use before: 62.5 MB.
System memory in use after: 62.6 MB.

Unloading 9 unused Assets to reduce memory usage. Loaded Objects now: 1585.
Total: 1.666100 ms (FindLiveObjects: 0.148100 ms CreateObjectMapping: 0.031600 ms MarkObjects: 1.440300 ms  DeleteObjects: 0.045200 ms)

========================================================================
Received Import Request.
  path: Assets/Scenes/SampleScene.unity
  artifactKey: Guid(9fc0d4010bbf28b4594072e72b8655ab) Importer(815301076,1909f56bfc062723c751e8b465ee728b)
Start importing Assets/Scenes/SampleScene.unity using Guid(9fc0d4010bbf28b4594072e72b8655ab) Importer(815301076,1909f56bfc062723c751e8b465ee728b)  -> (artifact id: '6d15377e31b7ad2d587c8e1def70d24d') in 0.015614 seconds 
========================================================================
Received Import Request.
  Time since last request: 5.101660 seconds.
  path: Assets/Scenes/Bezier Curves.unity
  artifactKey: Guid(9fc0d4010bbf28b4594072e72b8655ab) Importer(815301076,1909f56bfc062723c751e8b465ee728b)
Start importing Assets/Scenes/Bezier Curves.unity using Guid(9fc0d4010bbf28b4594072e72b8655ab) Importer(815301076,1909f56bfc062723c751e8b465ee728b)  -> (artifact id: 'd364294c2e9b53d0af1d42ab40e74769') in 0.006996 seconds 
========================================================================
Received Import Request.
  Time since last request: 29.727902 seconds.
  path: Assets/Materials
  artifactKey: Guid(79e9f231e0ad4864496f6a7d33cce3b7) Importer(815301076,1909f56bfc062723c751e8b465ee728b)
Start importing Assets/Materials using Guid(79e9f231e0ad4864496f6a7d33cce3b7) Importer(815301076,1909f56bfc062723c751e8b465ee728b)  -> (artifact id: '3d5bb7bac8411a03b7358a217f72fae4') in 0.006901 seconds 
========================================================================
Received Import Request.
  Time since last request: 3.598567 seconds.
  path: Assets/Scripts
  artifactKey: Guid(0814b01945a9ffc4dae04d39038ebd0c) Importer(815301076,1909f56bfc062723c751e8b465ee728b)
Start importing Assets/Scripts using Guid(0814b01945a9ffc4dae04d39038ebd0c) Importer(815301076,1909f56bfc062723c751e8b465ee728b)  -> (artifact id: '04958b2c33d63e6ba0641fee978b440c') in 0.006474 seconds 
========================================================================
Received Import Request.
  Time since last request: 29.499820 seconds.
  path: Assets/Scripts/CubicBeziers.cs
  artifactKey: Guid(b8527d37deca763498552a471c2a09c2) Importer(815301076,1909f56bfc062723c751e8b465ee728b)
Start importing Assets/Scripts/CubicBeziers.cs using Guid(b8527d37deca763498552a471c2a09c2) Importer(815301076,1909f56bfc062723c751e8b465ee728b)  -> (artifact id: '0bfdd717ee093874e712fc99eed5e26c') in 0.040748 seconds 
========================================================================
Received Import Request.
  Time since last request: 0.460456 seconds.
  path: Assets/Scripts/QuadraticBezier.cs
  artifactKey: Guid(1af295e2b9955334f86226be50d37fcc) Importer(815301076,1909f56bfc062723c751e8b465ee728b)
Start importing Assets/Scripts/QuadraticBezier.cs using Guid(1af295e2b9955334f86226be50d37fcc) Importer(815301076,1909f56bfc062723c751e8b465ee728b)  -> (artifact id: '3927a40e9e2967efad0f51635273e6cd') in 0.006498 seconds 
========================================================================
Received Import Request.
  Time since last request: 1.051338 seconds.
  path: Assets/Scripts/QuadraticBeziers.cs
  artifactKey: Guid(1af295e2b9955334f86226be50d37fcc) Importer(815301076,1909f56bfc062723c751e8b465ee728b)
Start importing Assets/Scripts/QuadraticBeziers.cs using Guid(1af295e2b9955334f86226be50d37fcc) Importer(815301076,1909f56bfc062723c751e8b465ee728b)  -> (artifact id: '21b82a60b4c3a1ff6f8de13cb31766e0') in 0.006674 seconds 
========================================================================
Received Prepare
Registering precompiled user dll's ...
Registered in 0.001735 seconds.
Begin MonoManager ReloadAssembly
Native extension for WindowsStandalone target not found
Refreshing native plugins compatible for Editor in 0.32 ms, found 0 plugins.
Preloading 0 native plugins for Editor in 0.00 ms.
Mono: successfully reloaded assembly
- Completed reload, in  0.868 seconds
Platform modules already initialized, skipping
Refreshing native plugins compatible for Editor in 0.38 ms, found 0 plugins.
Preloading 0 native plugins for Editor in 0.00 ms.
Unloading 1121 Unused Serialized files (Serialized files now loaded: 0)
System memory in use before: 62.4 MB.
System memory in use after: 62.5 MB.

Unloading 4 unused Assets to reduce memory usage. Loaded Objects now: 1588.
Total: 1.980400 ms (FindLiveObjects: 0.200500 ms CreateObjectMapping: 0.040500 ms MarkObjects: 1.719900 ms  DeleteObjects: 0.018200 ms)

========================================================================
Received Import Request.
  Time since last request: 32.854823 seconds.
  path: Assets/Scripts/CubicBeziers.cs
  artifactKey: Guid(b8527d37deca763498552a471c2a09c2) Importer(815301076,1909f56bfc062723c751e8b465ee728b)
Start importing Assets/Scripts/CubicBeziers.cs using Guid(b8527d37deca763498552a471c2a09c2) Importer(815301076,1909f56bfc062723c751e8b465ee728b)  -> (artifact id: 'c330c0f547dd2438f912aed2089c5e30') in 0.006013 seconds 
========================================================================
Received Prepare
Registering precompiled user dll's ...
Registered in 0.001979 seconds.
Begin MonoManager ReloadAssembly
Native extension for WindowsStandalone target not found
Refreshing native plugins compatible for Editor in 0.38 ms, found 0 plugins.
Preloading 0 native plugins for Editor in 0.00 ms.
Mono: successfully reloaded assembly
- Completed reload, in  0.886 seconds
Platform modules already initialized, skipping
Refreshing native plugins compatible for Editor in 0.23 ms, found 0 plugins.
Preloading 0 native plugins for Editor in 0.00 ms.
Unloading 1121 Unused Serialized files (Serialized files now loaded: 0)
System memory in use before: 62.4 MB.
System memory in use after: 62.5 MB.

Unloading 4 unused Assets to reduce memory usage. Loaded Objects now: 1591.
Total: 1.478000 ms (FindLiveObjects: 0.108000 ms CreateObjectMapping: 0.025800 ms MarkObjects: 1.334200 ms  DeleteObjects: 0.009300 ms)

========================================================================
Received Import Request.
  Time since last request: 10.577258 seconds.
  path: Assets/Scenes/Bezier Curves.unity
  artifactKey: Guid(9fc0d4010bbf28b4594072e72b8655ab) Importer(815301076,1909f56bfc062723c751e8b465ee728b)
Start importing Assets/Scenes/Bezier Curves.unity using Guid(9fc0d4010bbf28b4594072e72b8655ab) Importer(815301076,1909f56bfc062723c751e8b465ee728b)  -> (artifact id: '734261bba3934636f01274bc6cc7bb96') in 0.011181 seconds 
========================================================================
Received Import Request.
  Time since last request: 21.311521 seconds.
  path: Assets/Scripts/QuadraticBeziers.cs
  artifactKey: Guid(1af295e2b9955334f86226be50d37fcc) Importer(815301076,1909f56bfc062723c751e8b465ee728b)
Start importing Assets/Scripts/QuadraticBeziers.cs using Guid(1af295e2b9955334f86226be50d37fcc) Importer(815301076,1909f56bfc062723c751e8b465ee728b)  -> (artifact id: '67eccac3f08c843bfbff75b322fdb73c') in 0.006633 seconds 
AssetImportWorkerClient::OnTransportError - code=2 error=End of file
