Using pre-set license
Built from '2021.1/staging' branch; Version is '2021.1.7f1 (d91830b65d9b) revision 14227504'; Using compiler version '192528614'; Build Type 'Release'
OS: 'Windows 10 Pro; OS build 19042.985; Version 2009; 64bit' Language: 'ko' Physical Memory: 16313 MB
BatchMode: 1, IsHumanControllingUs: 0, StartBugReporterOnCrash: 0, Is64bit: 1, IsPro: 0

 COMMAND LINE ARGUMENTS:
C:\Program Files\Unity\Hub\Editor\2021.1.7f1\Editor\Unity.exe
-adb2
-batchMode
-noUpm
-name
AssetImportWorker0
-projectPath
C:/Unity/0. Projects/BezierCurve
-logFile
Logs/AssetImportWorker0.log
-srvPort
51664
Successfully changed project path to: C:/Unity/0. Projects/BezierCurve
C:/Unity/0. Projects/BezierCurve
Using Asset Import Pipeline V2.
Refreshing native plugins compatible for Editor in 21.86 ms, found 0 plugins.
Preloading 0 native plugins for Editor in 0.00 ms.
Initialize engine version: 2021.1.7f1 (d91830b65d9b)
[Subsystems] Discovering subsystems at path C:/Program Files/Unity/Hub/Editor/2021.1.7f1/Editor/Data/Resources/UnitySubsystems
[Subsystems] Discovering subsystems at path C:/Unity/0. Projects/BezierCurve/Assets
GfxDevice: creating device client; threaded=0; jobified=0
Direct3D:
    Version:  Direct3D 11.0 [level 11.1]
    Renderer: NVIDIA GeForce GTX 1660 SUPER (ID=0x21c4)
    Vendor:   NVIDIA
    VRAM:     5991 MB
    Driver:   27.21.14.5671
Initialize mono
Mono path[0] = 'C:/Program Files/Unity/Hub/Editor/2021.1.7f1/Editor/Data/Managed'
Mono path[1] = 'C:/Program Files/Unity/Hub/Editor/2021.1.7f1/Editor/Data/MonoBleedingEdge/lib/mono/unityjit'
Mono config path = 'C:/Program Files/Unity/Hub/Editor/2021.1.7f1/Editor/Data/MonoBleedingEdge/etc'
Using monoOptions --debugger-agent=transport=dt_socket,embedding=1,server=y,suspend=n,address=127.0.0.1:56724
Begin MonoManager ReloadAssembly
Registering precompiled unity dll's ...
Register platform support module: C:/Program Files/Unity/Hub/Editor/2021.1.7f1/Editor/Data/PlaybackEngines/WindowsStandaloneSupport/UnityEditor.WindowsStandalone.Extensions.dll
Registered in 0.005032 seconds.
Native extension for WindowsStandalone target not found
Refreshing native plugins compatible for Editor in 21.69 ms, found 0 plugins.
Preloading 0 native plugins for Editor in 0.00 ms.
Mono: successfully reloaded assembly
- Completed reload, in  1.216 seconds
Platform modules already initialized, skipping
Registering precompiled user dll's ...
Registered in 0.001233 seconds.
Begin MonoManager ReloadAssembly
Native extension for WindowsStandalone target not found
Refreshing native plugins compatible for Editor in 0.21 ms, found 0 plugins.
Preloading 0 native plugins for Editor in 0.00 ms.
Mono: successfully reloaded assembly
- Completed reload, in  0.792 seconds
Platform modules already initialized, skipping
========================================================================
Worker process is ready to serve import requests
Launched and connected shader compiler UnityShaderCompiler.exe after 0.04 seconds
Refreshing native plugins compatible for Editor in 0.20 ms, found 0 plugins.
Preloading 0 native plugins for Editor in 0.00 ms.
Unloading 1127 Unused Serialized files (Serialized files now loaded: 0)
System memory in use before: 62.5 MB.
System memory in use after: 62.6 MB.

Unloading 9 unused Assets to reduce memory usage. Loaded Objects now: 1585.
Total: 1.587600 ms (FindLiveObjects: 0.124600 ms CreateObjectMapping: 0.024900 ms MarkObjects: 1.377600 ms  DeleteObjects: 0.059700 ms)

========================================================================
Received Import Request.
  path: Assets/Scenes/SampleScene.unity
  artifactKey: Guid(9fc0d4010bbf28b4594072e72b8655ab) Importer(815301076,1909f56bfc062723c751e8b465ee728b)
Start importing Assets/Scenes/SampleScene.unity using Guid(9fc0d4010bbf28b4594072e72b8655ab) Importer(815301076,1909f56bfc062723c751e8b465ee728b)  -> (artifact id: 'a9aa9ffeac7c6c31572dfc213f5246e3') in 0.015925 seconds 
========================================================================
Received Import Request.
  Time since last request: 0.000223 seconds.
  path: Assets/Scenes
  artifactKey: Guid(fd83c229c7ba90849b4be7b0659c0a4b) Importer(815301076,1909f56bfc062723c751e8b465ee728b)
Start importing Assets/Scenes using Guid(fd83c229c7ba90849b4be7b0659c0a4b) Importer(815301076,1909f56bfc062723c751e8b465ee728b)  -> (artifact id: 'af14f49b4565f536266d38a074168c93') in 0.010676 seconds 
========================================================================
Received Import Request.
  Time since last request: 40.912073 seconds.
  path: Assets/Scripts/CubicBezier.cs
  artifactKey: Guid(b8527d37deca763498552a471c2a09c2) Importer(815301076,1909f56bfc062723c751e8b465ee728b)
Start importing Assets/Scripts/CubicBezier.cs using Guid(b8527d37deca763498552a471c2a09c2) Importer(815301076,1909f56bfc062723c751e8b465ee728b)  -> (artifact id: '9990ef96af3f224a696832e02a08adf7') in 0.036176 seconds 
========================================================================
Received Prepare
Registering precompiled user dll's ...
Registered in 0.001167 seconds.
Begin MonoManager ReloadAssembly
Native extension for WindowsStandalone target not found
Refreshing native plugins compatible for Editor in 0.23 ms, found 0 plugins.
Preloading 0 native plugins for Editor in 0.00 ms.
Mono: successfully reloaded assembly
- Completed reload, in  0.790 seconds
Platform modules already initialized, skipping
Refreshing native plugins compatible for Editor in 0.34 ms, found 0 plugins.
Preloading 0 native plugins for Editor in 0.00 ms.
Unloading 1121 Unused Serialized files (Serialized files now loaded: 0)
System memory in use before: 62.3 MB.
System memory in use after: 62.4 MB.

Unloading 4 unused Assets to reduce memory usage. Loaded Objects now: 1588.
Total: 1.655300 ms (FindLiveObjects: 0.128500 ms CreateObjectMapping: 0.025500 ms MarkObjects: 1.484400 ms  DeleteObjects: 0.015400 ms)

========================================================================
Received Import Request.
  Time since last request: 1791.580902 seconds.
  path: Assets
  artifactKey: Guid(00000000000000001000000000000000) Importer(815301076,1909f56bfc062723c751e8b465ee728b)
Start importing Assets using Guid(00000000000000001000000000000000) Importer(815301076,1909f56bfc062723c751e8b465ee728b)  -> (artifact id: '42d402b061de3733987d63b9cc3b64de') in 0.011454 seconds 
========================================================================
Received Prepare
Registering precompiled user dll's ...
Registered in 0.001012 seconds.
Begin MonoManager ReloadAssembly
Native extension for WindowsStandalone target not found
Refreshing native plugins compatible for Editor in 0.20 ms, found 0 plugins.
Preloading 0 native plugins for Editor in 0.00 ms.
Mono: successfully reloaded assembly
- Completed reload, in  0.745 seconds
Platform modules already initialized, skipping
Refreshing native plugins compatible for Editor in 0.23 ms, found 0 plugins.
Preloading 0 native plugins for Editor in 0.00 ms.
Unloading 1121 Unused Serialized files (Serialized files now loaded: 0)
System memory in use before: 62.4 MB.
System memory in use after: 62.5 MB.

Unloading 4 unused Assets to reduce memory usage. Loaded Objects now: 1591.
Total: 1.812800 ms (FindLiveObjects: 0.111500 ms CreateObjectMapping: 0.029000 ms MarkObjects: 1.660100 ms  DeleteObjects: 0.010900 ms)

========================================================================
Received Import Request.
  Time since last request: 31.211850 seconds.
  path: Assets/StartPoint.mat
  artifactKey: Guid(d3e80afbeecba57418b59735524d221e) Importer(815301076,1909f56bfc062723c751e8b465ee728b)
Start importing Assets/StartPoint.mat using Guid(d3e80afbeecba57418b59735524d221e) Importer(815301076,1909f56bfc062723c751e8b465ee728b)  -> (artifact id: 'e22bd87bd88883b4e1ca85b40ce4165b') in 0.103703 seconds 
========================================================================
Received Import Request.
  Time since last request: 9.866500 seconds.
  path: Assets/Control & Guide Point.mat
  artifactKey: Guid(d3e80afbeecba57418b59735524d221e) Importer(815301076,1909f56bfc062723c751e8b465ee728b)
Start importing Assets/Control & Guide Point.mat using Guid(d3e80afbeecba57418b59735524d221e) Importer(815301076,1909f56bfc062723c751e8b465ee728b)  -> (artifact id: '8c3dcb2a4f0192573bd1e7c66e867e2a') in 0.016180 seconds 
========================================================================
Received Import Request.
  Time since last request: 91.256250 seconds.
  path: Assets/Start & End Point.mat
  artifactKey: Guid(d00eed924da9f87418c950993326355c) Importer(815301076,1909f56bfc062723c751e8b465ee728b)
Start importing Assets/Start & End Point.mat using Guid(d00eed924da9f87418c950993326355c) Importer(815301076,1909f56bfc062723c751e8b465ee728b)  -> (artifact id: '68b0ad64944ea950c8130c3975e8de80') in 0.049438 seconds 
========================================================================
Received Import Request.
  Time since last request: 122.644875 seconds.
  path: Assets/Obj.mat
  artifactKey: Guid(772246fa0c074444fa86e64fe154c54e) Importer(815301076,1909f56bfc062723c751e8b465ee728b)
Start importing Assets/Obj.mat using Guid(772246fa0c074444fa86e64fe154c54e) Importer(815301076,1909f56bfc062723c751e8b465ee728b)  -> (artifact id: 'b6ab70ac32085d1fa856d6ac6a42e121') in 0.048485 seconds 
========================================================================
Received Prepare
Registering precompiled user dll's ...
Registered in 0.001020 seconds.
Begin MonoManager ReloadAssembly
Native extension for WindowsStandalone target not found
Refreshing native plugins compatible for Editor in 0.21 ms, found 0 plugins.
Preloading 0 native plugins for Editor in 0.00 ms.
Mono: successfully reloaded assembly
- Completed reload, in  0.740 seconds
Platform modules already initialized, skipping
Refreshing native plugins compatible for Editor in 0.33 ms, found 0 plugins.
Preloading 0 native plugins for Editor in 0.00 ms.
Unloading 1121 Unused Serialized files (Serialized files now loaded: 0)
System memory in use before: 66.4 MB.
System memory in use after: 66.5 MB.

Unloading 4 unused Assets to reduce memory usage. Loaded Objects now: 1634.
Total: 1.605500 ms (FindLiveObjects: 0.112700 ms CreateObjectMapping: 0.025800 ms MarkObjects: 1.456200 ms  DeleteObjects: 0.009900 ms)

========================================================================
Received Import Request.
  Time since last request: 113.163178 seconds.
  path: Assets/Start & End Point.mat
  artifactKey: Guid(d00eed924da9f87418c950993326355c) Importer(815301076,1909f56bfc062723c751e8b465ee728b)
Start importing Assets/Start & End Point.mat using Guid(d00eed924da9f87418c950993326355c) Importer(815301076,1909f56bfc062723c751e8b465ee728b)  -> (artifact id: 'c19119623ec338e47d4caa13638872ca') in 0.050395 seconds 
========================================================================
Received Import Request.
  Time since last request: 0.000166 seconds.
  path: Assets/Obj.mat
  artifactKey: Guid(772246fa0c074444fa86e64fe154c54e) Importer(815301076,1909f56bfc062723c751e8b465ee728b)
Start importing Assets/Obj.mat using Guid(772246fa0c074444fa86e64fe154c54e) Importer(815301076,1909f56bfc062723c751e8b465ee728b)  -> (artifact id: 'e0b11e022dfe31f7c37aabc94ec84a9b') in 0.015881 seconds 
========================================================================
Received Import Request.
  Time since last request: 0.000185 seconds.
  path: Assets/Control & Guide Point.mat
  artifactKey: Guid(d3e80afbeecba57418b59735524d221e) Importer(815301076,1909f56bfc062723c751e8b465ee728b)
Start importing Assets/Control & Guide Point.mat using Guid(d3e80afbeecba57418b59735524d221e) Importer(815301076,1909f56bfc062723c751e8b465ee728b)  -> (artifact id: 'f84412852b0f288df346617c75f8e3cf') in 0.016257 seconds 
AssetImportWorkerClient::OnTransportError - code=2 error=End of file
